[0.075s] Invoking command in '/home/loisyaelee/dev_ws/src/yost_imu/build/yost_imu_driver': CMAKE_PREFIX_PATH=/opt/ros/galactic /usr/bin/cmake /home/loisyaelee/dev_ws/src/yost_imu -DCMAKE_INSTALL_PREFIX=/home/loisyaelee/dev_ws/src/yost_imu/install/yost_imu_driver
[1.238s] -- The C compiler identification is GNU 9.4.0
[2.291s] -- The CXX compiler identification is GNU 9.4.0
[2.826s] -- Check for working C compiler: /usr/bin/cc
[3.392s] -- Check for working C compiler: /usr/bin/cc -- works
[3.404s] -- Detecting C compiler ABI info
[3.915s] -- Detecting C compiler ABI info - done
[3.958s] -- Detecting C compile features
[3.960s] -- Detecting C compile features - done
[3.974s] -- Check for working CXX compiler: /usr/bin/c++
[4.542s] -- Check for working CXX compiler: /usr/bin/c++ -- works
[4.546s] -- Detecting CXX compiler ABI info
[5.117s] -- Detecting CXX compiler ABI info - done
[5.155s] -- Detecting CXX compile features
[5.157s] -- Detecting CXX compile features - done
[5.184s] -- Found ament_cmake: 1.1.5 (/opt/ros/galactic/share/ament_cmake/cmake)
[5.290s] -- Found PythonInterp: /usr/bin/python3 (found suitable version "3.8.10", minimum required is "3") 
[5.290s] -- Using PYTHON_EXECUTABLE: /usr/bin/python3
[9.177s] CMake Error at CMakeLists.txt:5 (find_package):
[9.178s]   By not providing "Findserial.cmake" in CMAKE_MODULE_PATH this project has
[9.179s]   asked CMake to find a package configuration file provided by "serial", but
[9.180s]   CMake did not find one.
[9.180s] 
[9.181s]   Could not find a package configuration file provided by "serial" with any
[9.182s]   of the following names:
[9.182s] 
[9.183s]     serialConfig.cmake
[9.184s]     serial-config.cmake
[9.184s] 
[9.184s]   Add the installation prefix of "serial" to CMAKE_PREFIX_PATH or set
[9.184s]   "serial_DIR" to a directory containing one of the above files.  If "serial"
[9.184s]   provides a separate development package or SDK, be sure it has been
[9.185s]   installed.
[9.185s] 
[9.185s] 
[9.185s] -- Configuring incomplete, errors occurred!
[9.186s] See also "/home/loisyaelee/dev_ws/src/yost_imu/build/yost_imu_driver/CMakeFiles/CMakeOutput.log".
[9.193s] Invoked command in '/home/loisyaelee/dev_ws/src/yost_imu/build/yost_imu_driver' returned '1': CMAKE_PREFIX_PATH=/opt/ros/galactic /usr/bin/cmake /home/loisyaelee/dev_ws/src/yost_imu -DCMAKE_INSTALL_PREFIX=/home/loisyaelee/dev_ws/src/yost_imu/install/yost_imu_driver
