[0.702s] DEBUG:colcon:Command line arguments: ['/usr/bin/colcon', 'build']
[0.702s] DEBUG:colcon:Parsed command line arguments: Namespace(allow_overriding=[], ament_cmake_args=None, base_paths=['.'], build_base='build', catkin_cmake_args=None, catkin_skip_building_tests=False, cmake_args=None, cmake_clean_cache=False, cmake_clean_first=False, cmake_force_configure=False, cmake_target=None, cmake_target_skip_unavailable=False, continue_on_error=False, event_handlers=None, executor='parallel', ignore_user_meta=False, install_base='install', log_base=None, log_level=None, main=<bound method BuildVerb.main of <colcon_core.verb.build.BuildVerb object at 0x7fb13f95e370>>, merge_install=False, metas=['./colcon.meta'], packages_above=None, packages_above_and_dependencies=None, packages_above_depth=None, packages_end=None, packages_ignore=None, packages_ignore_regex=None, packages_select=None, packages_select_build_failed=False, packages_select_by_dep=None, packages_select_regex=None, packages_select_test_failures=False, packages_skip=None, packages_skip_build_finished=False, packages_skip_by_dep=None, packages_skip_regex=None, packages_skip_test_passed=False, packages_skip_up_to=None, packages_start=None, packages_up_to=None, packages_up_to_regex=None, parallel_workers=8, paths=None, symlink_install=False, test_result_base=None, verb_extension=<colcon_core.verb.build.BuildVerb object at 0x7fb13f95e370>, verb_name='build', verb_parser=<colcon_defaults.argument_parser.defaults.DefaultArgumentsDecorator object at 0x7fb13f95e8b0>)
[0.715s] Level 1:colcon.colcon_core.package_discovery:discover_packages(colcon_meta) check parameters
[0.717s] Level 1:colcon.colcon_core.package_discovery:discover_packages(recursive) check parameters
[0.718s] Level 1:colcon.colcon_core.package_discovery:discover_packages(ignore) check parameters
[0.718s] Level 1:colcon.colcon_core.package_discovery:discover_packages(path) check parameters
[0.718s] Level 1:colcon.colcon_core.package_discovery:discover_packages(colcon_meta) discover
[0.718s] Level 1:colcon.colcon_core.package_discovery:discover_packages(recursive) discover
[0.718s] INFO:colcon.colcon_core.package_discovery:Crawling recursively for packages in '/home/loisyaelee/dev_ws/src/yost_imu'
[0.718s] Level 1:colcon.colcon_core.package_identification:_identify(.) by extensions ['ignore', 'ignore_ament_install']
[0.719s] Level 1:colcon.colcon_core.package_identification:_identify(.) by extension 'ignore'
[0.719s] Level 1:colcon.colcon_core.package_identification:_identify(.) by extension 'ignore_ament_install'
[0.719s] Level 1:colcon.colcon_core.package_identification:_identify(.) by extensions ['colcon_pkg']
[0.719s] Level 1:colcon.colcon_core.package_identification:_identify(.) by extension 'colcon_pkg'
[0.719s] Level 1:colcon.colcon_core.package_identification:_identify(.) by extensions ['colcon_meta']
[0.720s] Level 1:colcon.colcon_core.package_identification:_identify(.) by extension 'colcon_meta'
[0.720s] Level 1:colcon.colcon_core.package_identification:_identify(.) by extensions ['ros']
[0.720s] Level 1:colcon.colcon_core.package_identification:_identify(.) by extension 'ros'
[0.757s] DEBUG:colcon.colcon_core.package_identification:Package '.' with type 'ros.ament_cmake' and name 'yost_imu_driver'
[0.758s] Level 1:colcon.colcon_core.package_discovery:discover_packages(recursive) using defaults
[0.758s] Level 1:colcon.colcon_core.package_discovery:discover_packages(ignore) discover
[0.758s] Level 1:colcon.colcon_core.package_discovery:discover_packages(ignore) using defaults
[0.758s] Level 1:colcon.colcon_core.package_discovery:discover_packages(path) discover
[0.758s] Level 1:colcon.colcon_core.package_discovery:discover_packages(path) using defaults
[0.811s] Level 5:colcon.colcon_core.verb:set package 'yost_imu_driver' build argument 'cmake_args' from command line to 'None'
[0.811s] Level 5:colcon.colcon_core.verb:set package 'yost_imu_driver' build argument 'cmake_target' from command line to 'None'
[0.811s] Level 5:colcon.colcon_core.verb:set package 'yost_imu_driver' build argument 'cmake_target_skip_unavailable' from command line to 'False'
[0.811s] Level 5:colcon.colcon_core.verb:set package 'yost_imu_driver' build argument 'cmake_clean_cache' from command line to 'False'
[0.811s] Level 5:colcon.colcon_core.verb:set package 'yost_imu_driver' build argument 'cmake_clean_first' from command line to 'False'
[0.811s] Level 5:colcon.colcon_core.verb:set package 'yost_imu_driver' build argument 'cmake_force_configure' from command line to 'False'
[0.811s] Level 5:colcon.colcon_core.verb:set package 'yost_imu_driver' build argument 'ament_cmake_args' from command line to 'None'
[0.812s] Level 5:colcon.colcon_core.verb:set package 'yost_imu_driver' build argument 'catkin_cmake_args' from command line to 'None'
[0.812s] Level 5:colcon.colcon_core.verb:set package 'yost_imu_driver' build argument 'catkin_skip_building_tests' from command line to 'False'
[0.812s] DEBUG:colcon.colcon_core.verb:Building package 'yost_imu_driver' with the following arguments: {'ament_cmake_args': None, 'build_base': '/home/loisyaelee/dev_ws/src/yost_imu/build/yost_imu_driver', 'catkin_cmake_args': None, 'catkin_skip_building_tests': False, 'cmake_args': None, 'cmake_clean_cache': False, 'cmake_clean_first': False, 'cmake_force_configure': False, 'cmake_target': None, 'cmake_target_skip_unavailable': False, 'install_base': '/home/loisyaelee/dev_ws/src/yost_imu/install/yost_imu_driver', 'merge_install': False, 'path': '/home/loisyaelee/dev_ws/src/yost_imu', 'symlink_install': False, 'test_result_base': None}
[0.820s] INFO:colcon.colcon_core.executor:Executing jobs using 'parallel' executor
[0.827s] DEBUG:colcon.colcon_parallel_executor.executor.parallel:run_until_complete
[0.828s] INFO:colcon.colcon_ros.task.ament_cmake.build:Building ROS package in '/home/loisyaelee/dev_ws/src/yost_imu' with build type 'ament_cmake'
[0.829s] INFO:colcon.colcon_cmake.task.cmake.build:Building CMake package in '/home/loisyaelee/dev_ws/src/yost_imu'
[0.842s] INFO:colcon.colcon_core.plugin_system:Skipping extension 'colcon_core.shell.bat': Not used on non-Windows systems
[0.842s] INFO:colcon.colcon_core.shell:Skip shell extension 'powershell' for command environment: Not usable outside of PowerShell
[0.843s] DEBUG:colcon.colcon_core.shell:Skip shell extension 'dsv' for command environment
[0.872s] DEBUG:colcon.colcon_core.event_handler.log_command:Invoking command in '/home/loisyaelee/dev_ws/src/yost_imu/build/yost_imu_driver': CMAKE_PREFIX_PATH=/opt/ros/galactic /usr/bin/cmake /home/loisyaelee/dev_ws/src/yost_imu -DCMAKE_INSTALL_PREFIX=/home/loisyaelee/dev_ws/src/yost_imu/install/yost_imu_driver
[4.892s] DEBUG:colcon.colcon_core.event_handler.log_command:Invoked command in '/home/loisyaelee/dev_ws/src/yost_imu/build/yost_imu_driver' returned '1': CMAKE_PREFIX_PATH=/opt/ros/galactic /usr/bin/cmake /home/loisyaelee/dev_ws/src/yost_imu -DCMAKE_INSTALL_PREFIX=/home/loisyaelee/dev_ws/src/yost_imu/install/yost_imu_driver
[4.926s] Level 1:colcon.colcon_core.environment:create_environment_scripts_only(yost_imu_driver)
[4.937s] Level 1:colcon.colcon_core.environment:checking '/home/loisyaelee/dev_ws/src/yost_imu/install/yost_imu_driver' for CMake module files
[4.938s] Level 1:colcon.colcon_core.environment:checking '/home/loisyaelee/dev_ws/src/yost_imu/install/yost_imu_driver' for CMake config files
[4.940s] Level 1:colcon.colcon_core.environment:checking '/home/loisyaelee/dev_ws/src/yost_imu/install/yost_imu_driver/bin'
[4.940s] Level 1:colcon.colcon_core.environment:checking '/home/loisyaelee/dev_ws/src/yost_imu/install/yost_imu_driver/lib/pkgconfig/yost_imu_driver.pc'
[4.940s] Level 1:colcon.colcon_core.environment:checking '/home/loisyaelee/dev_ws/src/yost_imu/install/yost_imu_driver/lib/python3.8/site-packages'
[4.942s] INFO:colcon.colcon_core.shell:Creating package script '/home/loisyaelee/dev_ws/src/yost_imu/install/yost_imu_driver/share/yost_imu_driver/package.ps1'
[4.944s] INFO:colcon.colcon_core.shell:Creating package descriptor '/home/loisyaelee/dev_ws/src/yost_imu/install/yost_imu_driver/share/yost_imu_driver/package.dsv'
[4.945s] INFO:colcon.colcon_core.shell:Creating package script '/home/loisyaelee/dev_ws/src/yost_imu/install/yost_imu_driver/share/yost_imu_driver/package.sh'
[4.947s] INFO:colcon.colcon_core.shell:Creating package script '/home/loisyaelee/dev_ws/src/yost_imu/install/yost_imu_driver/share/yost_imu_driver/package.bash'
[4.949s] INFO:colcon.colcon_core.shell:Creating package script '/home/loisyaelee/dev_ws/src/yost_imu/install/yost_imu_driver/share/yost_imu_driver/package.zsh'
[4.951s] Level 1:colcon.colcon_core.environment:create_file_with_runtime_dependencies(/home/loisyaelee/dev_ws/src/yost_imu/install/yost_imu_driver/share/colcon-core/packages/yost_imu_driver)
[4.964s] DEBUG:colcon.colcon_parallel_executor.executor.parallel:closing loop
[4.964s] DEBUG:colcon.colcon_parallel_executor.executor.parallel:loop closed
[4.965s] DEBUG:colcon.colcon_parallel_executor.executor.parallel:run_until_complete finished with '1'
[4.966s] DEBUG:colcon.colcon_core.event_reactor:joining thread
[5.156s] INFO:colcon.colcon_core.plugin_system:Skipping extension 'colcon_notification.desktop_notification.notify_send': Could not find 'notify-send'
[5.156s] INFO:colcon.colcon_core.plugin_system:Skipping extension 'colcon_notification.desktop_notification.terminal_notifier': Not used on non-Darwin systems
[5.156s] INFO:colcon.colcon_core.plugin_system:Skipping extension 'colcon_notification.desktop_notification.win32': Not used on non-Windows systems
[5.157s] INFO:colcon.colcon_notification.desktop_notification:Sending desktop notification using 'notify2'
[5.172s] DEBUG:colcon.colcon_notification.desktop_notification.notify2:Failed to initialize notify2: org.freedesktop.DBus.Error.ServiceUnknown: The name org.freedesktop.Notifications was not provided by any .service files
[5.173s] DEBUG:colcon.colcon_core.event_reactor:joined thread
[5.176s] INFO:colcon.colcon_core.shell:Creating prefix script '/home/loisyaelee/dev_ws/src/yost_imu/install/local_setup.ps1'
[5.179s] INFO:colcon.colcon_core.shell:Creating prefix util module '/home/loisyaelee/dev_ws/src/yost_imu/install/_local_setup_util_ps1.py'
[5.183s] INFO:colcon.colcon_core.shell:Creating prefix chain script '/home/loisyaelee/dev_ws/src/yost_imu/install/setup.ps1'
[5.186s] INFO:colcon.colcon_core.shell:Creating prefix script '/home/loisyaelee/dev_ws/src/yost_imu/install/local_setup.sh'
[5.188s] INFO:colcon.colcon_core.shell:Creating prefix util module '/home/loisyaelee/dev_ws/src/yost_imu/install/_local_setup_util_sh.py'
[5.190s] INFO:colcon.colcon_core.shell:Creating prefix chain script '/home/loisyaelee/dev_ws/src/yost_imu/install/setup.sh'
[5.192s] INFO:colcon.colcon_core.shell:Creating prefix script '/home/loisyaelee/dev_ws/src/yost_imu/install/local_setup.bash'
[5.194s] INFO:colcon.colcon_core.shell:Creating prefix chain script '/home/loisyaelee/dev_ws/src/yost_imu/install/setup.bash'
[5.197s] INFO:colcon.colcon_core.shell:Creating prefix script '/home/loisyaelee/dev_ws/src/yost_imu/install/local_setup.zsh'
[5.198s] INFO:colcon.colcon_core.shell:Creating prefix chain script '/home/loisyaelee/dev_ws/src/yost_imu/install/setup.zsh'
