[0.909s] DEBUG:colcon:Command line arguments: ['/usr/bin/colcon', 'build']
[0.910s] DEBUG:colcon:Parsed command line arguments: Namespace(allow_overriding=[], ament_cmake_args=None, base_paths=['.'], build_base='build', catkin_cmake_args=None, catkin_skip_building_tests=False, cmake_args=None, cmake_clean_cache=False, cmake_clean_first=False, cmake_force_configure=False, cmake_target=None, cmake_target_skip_unavailable=False, continue_on_error=False, event_handlers=None, executor='parallel', ignore_user_meta=False, install_base='install', log_base=None, log_level=None, main=<bound method BuildVerb.main of <colcon_core.verb.build.BuildVerb object at 0x7fcb87555460>>, merge_install=False, metas=['./colcon.meta'], packages_above=None, packages_above_and_dependencies=None, packages_above_depth=None, packages_end=None, packages_ignore=None, packages_ignore_regex=None, packages_select=None, packages_select_build_failed=False, packages_select_by_dep=None, packages_select_regex=None, packages_select_test_failures=False, packages_skip=None, packages_skip_build_finished=False, packages_skip_by_dep=None, packages_skip_regex=None, packages_skip_test_passed=False, packages_skip_up_to=None, packages_start=None, packages_up_to=None, packages_up_to_regex=None, parallel_workers=8, paths=None, symlink_install=False, test_result_base=None, verb_extension=<colcon_core.verb.build.BuildVerb object at 0x7fcb87555460>, verb_name='build', verb_parser=<colcon_defaults.argument_parser.defaults.DefaultArgumentsDecorator object at 0x7fcb875559a0>)
[0.930s] Level 1:colcon.colcon_core.package_discovery:discover_packages(colcon_meta) check parameters
[0.930s] Level 1:colcon.colcon_core.package_discovery:discover_packages(recursive) check parameters
[0.930s] Level 1:colcon.colcon_core.package_discovery:discover_packages(ignore) check parameters
[0.930s] Level 1:colcon.colcon_core.package_discovery:discover_packages(path) check parameters
[0.930s] Level 1:colcon.colcon_core.package_discovery:discover_packages(colcon_meta) discover
[0.931s] Level 1:colcon.colcon_core.package_discovery:discover_packages(recursive) discover
[0.931s] INFO:colcon.colcon_core.package_discovery:Crawling recursively for packages in '/home/loisyaelee/dev_ws/src/yost_imu'
[0.933s] Level 1:colcon.colcon_core.package_identification:_identify(.) by extensions ['ignore', 'ignore_ament_install']
[0.934s] Level 1:colcon.colcon_core.package_identification:_identify(.) by extension 'ignore'
[0.934s] Level 1:colcon.colcon_core.package_identification:_identify(.) by extension 'ignore_ament_install'
[0.934s] Level 1:colcon.colcon_core.package_identification:_identify(.) by extensions ['colcon_pkg']
[0.934s] Level 1:colcon.colcon_core.package_identification:_identify(.) by extension 'colcon_pkg'
[0.934s] Level 1:colcon.colcon_core.package_identification:_identify(.) by extensions ['colcon_meta']
[0.934s] Level 1:colcon.colcon_core.package_identification:_identify(.) by extension 'colcon_meta'
[0.935s] Level 1:colcon.colcon_core.package_identification:_identify(.) by extensions ['ros']
[0.935s] Level 1:colcon.colcon_core.package_identification:_identify(.) by extension 'ros'
[0.979s] DEBUG:colcon.colcon_core.package_identification:Package '.' with type 'ros.ament_cmake' and name 'yost_imu_driver'
[0.980s] Level 1:colcon.colcon_core.package_discovery:discover_packages(recursive) using defaults
[0.980s] Level 1:colcon.colcon_core.package_discovery:discover_packages(ignore) discover
[0.980s] Level 1:colcon.colcon_core.package_discovery:discover_packages(ignore) using defaults
[0.980s] Level 1:colcon.colcon_core.package_discovery:discover_packages(path) discover
[0.980s] Level 1:colcon.colcon_core.package_discovery:discover_packages(path) using defaults
[1.043s] Level 5:colcon.colcon_core.verb:set package 'yost_imu_driver' build argument 'cmake_args' from command line to 'None'
[1.043s] Level 5:colcon.colcon_core.verb:set package 'yost_imu_driver' build argument 'cmake_target' from command line to 'None'
[1.043s] Level 5:colcon.colcon_core.verb:set package 'yost_imu_driver' build argument 'cmake_target_skip_unavailable' from command line to 'False'
[1.043s] Level 5:colcon.colcon_core.verb:set package 'yost_imu_driver' build argument 'cmake_clean_cache' from command line to 'False'
[1.043s] Level 5:colcon.colcon_core.verb:set package 'yost_imu_driver' build argument 'cmake_clean_first' from command line to 'False'
[1.044s] Level 5:colcon.colcon_core.verb:set package 'yost_imu_driver' build argument 'cmake_force_configure' from command line to 'False'
[1.044s] Level 5:colcon.colcon_core.verb:set package 'yost_imu_driver' build argument 'ament_cmake_args' from command line to 'None'
[1.044s] Level 5:colcon.colcon_core.verb:set package 'yost_imu_driver' build argument 'catkin_cmake_args' from command line to 'None'
[1.044s] Level 5:colcon.colcon_core.verb:set package 'yost_imu_driver' build argument 'catkin_skip_building_tests' from command line to 'False'
[1.044s] DEBUG:colcon.colcon_core.verb:Building package 'yost_imu_driver' with the following arguments: {'ament_cmake_args': None, 'build_base': '/home/loisyaelee/dev_ws/src/yost_imu/build/yost_imu_driver', 'catkin_cmake_args': None, 'catkin_skip_building_tests': False, 'cmake_args': None, 'cmake_clean_cache': False, 'cmake_clean_first': False, 'cmake_force_configure': False, 'cmake_target': None, 'cmake_target_skip_unavailable': False, 'install_base': '/home/loisyaelee/dev_ws/src/yost_imu/install/yost_imu_driver', 'merge_install': False, 'path': '/home/loisyaelee/dev_ws/src/yost_imu', 'symlink_install': False, 'test_result_base': None}
[1.068s] INFO:colcon.colcon_core.executor:Executing jobs using 'parallel' executor
[1.075s] DEBUG:colcon.colcon_parallel_executor.executor.parallel:run_until_complete
[1.076s] INFO:colcon.colcon_ros.task.ament_cmake.build:Building ROS package in '/home/loisyaelee/dev_ws/src/yost_imu' with build type 'ament_cmake'
[1.076s] INFO:colcon.colcon_cmake.task.cmake.build:Building CMake package in '/home/loisyaelee/dev_ws/src/yost_imu'
[1.114s] INFO:colcon.colcon_core.plugin_system:Skipping extension 'colcon_core.shell.bat': Not used on non-Windows systems
[1.115s] INFO:colcon.colcon_core.shell:Skip shell extension 'powershell' for command environment: Not usable outside of PowerShell
[1.115s] DEBUG:colcon.colcon_core.shell:Skip shell extension 'dsv' for command environment
[1.154s] DEBUG:colcon.colcon_core.event_handler.log_command:Invoking command in '/home/loisyaelee/dev_ws/src/yost_imu/build/yost_imu_driver': CMAKE_PREFIX_PATH=/opt/ros/galactic /usr/bin/cmake /home/loisyaelee/dev_ws/src/yost_imu -DCMAKE_INSTALL_PREFIX=/home/loisyaelee/dev_ws/src/yost_imu/install/yost_imu_driver
[10.272s] DEBUG:colcon.colcon_core.event_handler.log_command:Invoked command in '/home/loisyaelee/dev_ws/src/yost_imu/build/yost_imu_driver' returned '1': CMAKE_PREFIX_PATH=/opt/ros/galactic /usr/bin/cmake /home/loisyaelee/dev_ws/src/yost_imu -DCMAKE_INSTALL_PREFIX=/home/loisyaelee/dev_ws/src/yost_imu/install/yost_imu_driver
[10.310s] Level 1:colcon.colcon_core.environment:create_environment_scripts_only(yost_imu_driver)
[10.351s] Level 1:colcon.colcon_core.environment:checking '/home/loisyaelee/dev_ws/src/yost_imu/install/yost_imu_driver' for CMake module files
[10.352s] Level 1:colcon.colcon_core.environment:checking '/home/loisyaelee/dev_ws/src/yost_imu/install/yost_imu_driver' for CMake config files
[10.353s] Level 1:colcon.colcon_core.environment:checking '/home/loisyaelee/dev_ws/src/yost_imu/install/yost_imu_driver/bin'
[10.353s] Level 1:colcon.colcon_core.environment:checking '/home/loisyaelee/dev_ws/src/yost_imu/install/yost_imu_driver/lib/pkgconfig/yost_imu_driver.pc'
[10.354s] Level 1:colcon.colcon_core.environment:checking '/home/loisyaelee/dev_ws/src/yost_imu/install/yost_imu_driver/lib/python3.8/site-packages'
[10.356s] INFO:colcon.colcon_core.shell:Creating package script '/home/loisyaelee/dev_ws/src/yost_imu/install/yost_imu_driver/share/yost_imu_driver/package.ps1'
[10.362s] INFO:colcon.colcon_core.shell:Creating package descriptor '/home/loisyaelee/dev_ws/src/yost_imu/install/yost_imu_driver/share/yost_imu_driver/package.dsv'
[10.365s] INFO:colcon.colcon_core.shell:Creating package script '/home/loisyaelee/dev_ws/src/yost_imu/install/yost_imu_driver/share/yost_imu_driver/package.sh'
[10.369s] INFO:colcon.colcon_core.shell:Creating package script '/home/loisyaelee/dev_ws/src/yost_imu/install/yost_imu_driver/share/yost_imu_driver/package.bash'
[10.374s] INFO:colcon.colcon_core.shell:Creating package script '/home/loisyaelee/dev_ws/src/yost_imu/install/yost_imu_driver/share/yost_imu_driver/package.zsh'
[10.377s] Level 1:colcon.colcon_core.environment:create_file_with_runtime_dependencies(/home/loisyaelee/dev_ws/src/yost_imu/install/yost_imu_driver/share/colcon-core/packages/yost_imu_driver)
[10.390s] DEBUG:colcon.colcon_parallel_executor.executor.parallel:closing loop
[10.390s] DEBUG:colcon.colcon_parallel_executor.executor.parallel:loop closed
[10.391s] DEBUG:colcon.colcon_parallel_executor.executor.parallel:run_until_complete finished with '1'
[10.391s] DEBUG:colcon.colcon_core.event_reactor:joining thread
[10.590s] INFO:colcon.colcon_core.plugin_system:Skipping extension 'colcon_notification.desktop_notification.notify_send': Could not find 'notify-send'
[10.591s] INFO:colcon.colcon_core.plugin_system:Skipping extension 'colcon_notification.desktop_notification.terminal_notifier': Not used on non-Darwin systems
[10.591s] INFO:colcon.colcon_core.plugin_system:Skipping extension 'colcon_notification.desktop_notification.win32': Not used on non-Windows systems
[10.591s] INFO:colcon.colcon_notification.desktop_notification:Sending desktop notification using 'notify2'
[11.179s] DEBUG:colcon.colcon_notification.desktop_notification.notify2:Failed to initialize notify2: org.freedesktop.DBus.Error.ServiceUnknown: The name org.freedesktop.Notifications was not provided by any .service files
[11.180s] DEBUG:colcon.colcon_core.event_reactor:joined thread
[11.183s] INFO:colcon.colcon_core.shell:Creating prefix script '/home/loisyaelee/dev_ws/src/yost_imu/install/local_setup.ps1'
[11.188s] INFO:colcon.colcon_core.shell:Creating prefix util module '/home/loisyaelee/dev_ws/src/yost_imu/install/_local_setup_util_ps1.py'
[11.194s] INFO:colcon.colcon_core.shell:Creating prefix chain script '/home/loisyaelee/dev_ws/src/yost_imu/install/setup.ps1'
[11.198s] INFO:colcon.colcon_core.shell:Creating prefix script '/home/loisyaelee/dev_ws/src/yost_imu/install/local_setup.sh'
[11.201s] INFO:colcon.colcon_core.shell:Creating prefix util module '/home/loisyaelee/dev_ws/src/yost_imu/install/_local_setup_util_sh.py'
[11.203s] INFO:colcon.colcon_core.shell:Creating prefix chain script '/home/loisyaelee/dev_ws/src/yost_imu/install/setup.sh'
[11.208s] INFO:colcon.colcon_core.shell:Creating prefix script '/home/loisyaelee/dev_ws/src/yost_imu/install/local_setup.bash'
[11.211s] INFO:colcon.colcon_core.shell:Creating prefix chain script '/home/loisyaelee/dev_ws/src/yost_imu/install/setup.bash'
[11.215s] INFO:colcon.colcon_core.shell:Creating prefix script '/home/loisyaelee/dev_ws/src/yost_imu/install/local_setup.zsh'
[11.219s] INFO:colcon.colcon_core.shell:Creating prefix chain script '/home/loisyaelee/dev_ws/src/yost_imu/install/setup.zsh'
